2024-09-17T22:03:49.070+09:00  INFO 19476 --- [planTree] [main] c.k.planTree.PlanTreeApplication         : Starting PlanTreeApplication using Java 20.0.1 with PID 19476 (C:\Users\이재형\Desktop\NAMU-BE\planTree\bin\main started by 이재형 in C:\Users\이재형\Desktop\NAMU-BE)
2024-09-17T22:03:49.074+09:00  INFO 19476 --- [planTree] [main] c.k.planTree.PlanTreeApplication         : No active profile set, falling back to 1 default profile: "default"
2024-09-17T22:03:50.182+09:00  INFO 19476 --- [planTree] [main] .s.d.r.c.RepositoryConfigurationDelegate : Bootstrapping Spring Data JPA repositories in DEFAULT mode.
2024-09-17T22:03:50.273+09:00  INFO 19476 --- [planTree] [main] .s.d.r.c.RepositoryConfigurationDelegate : Finished Spring Data repository scanning in 78 ms. Found 2 JPA repository interfaces.
2024-09-17T22:03:51.138+09:00  INFO 19476 --- [planTree] [main] o.s.b.w.embedded.tomcat.TomcatWebServer  : Tomcat initialized with port 4040 (http)
2024-09-17T22:03:51.163+09:00  INFO 19476 --- [planTree] [main] o.apache.catalina.core.StandardService   : Starting service [Tomcat]
2024-09-17T22:03:51.163+09:00  INFO 19476 --- [planTree] [main] o.apache.catalina.core.StandardEngine    : Starting Servlet engine: [Apache Tomcat/10.1.28]
2024-09-17T22:03:51.267+09:00  INFO 19476 --- [planTree] [main] o.a.c.c.C.[Tomcat].[localhost].[/]       : Initializing Spring embedded WebApplicationContext
2024-09-17T22:03:51.267+09:00  INFO 19476 --- [planTree] [main] w.s.c.ServletWebServerApplicationContext : Root WebApplicationContext: initialization completed in 2133 ms
2024-09-17T22:03:51.421+09:00  INFO 19476 --- [planTree] [main] com.zaxxer.hikari.HikariDataSource       : HikariPool-1 - Starting...
2024-09-17T22:03:51.796+09:00  INFO 19476 --- [planTree] [main] com.zaxxer.hikari.pool.HikariPool        : HikariPool-1 - Added connection com.mysql.cj.jdbc.ConnectionImpl@691541bc
2024-09-17T22:03:51.799+09:00  INFO 19476 --- [planTree] [main] com.zaxxer.hikari.HikariDataSource       : HikariPool-1 - Start completed.
2024-09-17T22:03:51.852+09:00  INFO 19476 --- [planTree] [main] o.hibernate.jpa.internal.util.LogHelper  : HHH000204: Processing PersistenceUnitInfo [name: default]
2024-09-17T22:03:51.935+09:00  INFO 19476 --- [planTree] [main] org.hibernate.Version                    : HHH000412: Hibernate ORM core version 6.5.2.Final
2024-09-17T22:03:51.994+09:00  INFO 19476 --- [planTree] [main] o.h.c.internal.RegionFactoryInitiator    : HHH000026: Second-level cache disabled
2024-09-17T22:03:52.418+09:00  INFO 19476 --- [planTree] [main] o.s.o.j.p.SpringPersistenceUnitInfo      : No LoadTimeWeaver setup: ignoring JPA class transformer
2024-09-17T22:03:52.529+09:00  WARN 19476 --- [planTree] [main] org.hibernate.orm.deprecation            : HHH90000025: MySQLDialect does not need to be specified explicitly using 'hibernate.dialect' (remove the property setting and it will be selected by default)
2024-09-17T22:03:53.542+09:00  INFO 19476 --- [planTree] [main] o.h.e.t.j.p.i.JtaPlatformInitiator       : HHH000489: No JTA platform available (set 'hibernate.transaction.jta.platform' to enable JTA platform integration)
2024-09-17T22:03:53.546+09:00  INFO 19476 --- [planTree] [main] j.LocalContainerEntityManagerFactoryBean : Initialized JPA EntityManagerFactory for persistence unit 'default'
2024-09-17T22:03:54.026+09:00  WARN 19476 --- [planTree] [main] JpaBaseConfiguration$JpaWebConfiguration : spring.jpa.open-in-view is enabled by default. Therefore, database queries may be performed during view rendering. Explicitly configure spring.jpa.open-in-view to disable this warning
2024-09-17T22:03:54.676+09:00  INFO 19476 --- [planTree] [main] o.s.b.w.embedded.tomcat.TomcatWebServer  : Tomcat started on port 4040 (http) with context path '/'
2024-09-17T22:03:54.686+09:00  INFO 19476 --- [planTree] [main] c.k.planTree.PlanTreeApplication         : Started PlanTreeApplication in 6.188 seconds (process running for 6.673)
2024-09-17T22:04:19.773+09:00  INFO 19476 --- [planTree] [http-nio-4040-exec-1] o.a.c.c.C.[Tomcat].[localhost].[/]       : Initializing Spring DispatcherServlet 'dispatcherServlet'
2024-09-17T22:04:19.774+09:00  INFO 19476 --- [planTree] [http-nio-4040-exec-1] o.s.web.servlet.DispatcherServlet        : Initializing Servlet 'dispatcherServlet'
2024-09-17T22:04:19.776+09:00  INFO 19476 --- [planTree] [http-nio-4040-exec-1] o.s.web.servlet.DispatcherServlet        : Completed initialization in 1 ms
